[0.082s] Invoking command in '/home/ubuntu/ros2_ws/build/px4_ros_com': CMAKE_PREFIX_PATH=${CMAKE_PREFIX_PATH}:/opt/ros/foxy /usr/bin/cmake --build /home/ubuntu/ros2_ws/build/px4_ros_com -- -j4 -l4
[0.201s] -- Found ament_cmake: 0.9.11 (/opt/ros/foxy/share/ament_cmake/cmake)
[0.296s] -- Using PYTHON_EXECUTABLE: /usr/bin/python3
[0.957s] -- Override CMake install command with custom implementation using symlinks instead of copying resources
[0.993s] -- Found builtin_interfaces: 1.0.0 (/opt/ros/foxy/share/builtin_interfaces/cmake)
[1.076s] -- Using all available rosidl_typesupport_c: rosidl_typesupport_fastrtps_c;rosidl_typesupport_introspection_c
[1.088s] -- Found rosidl_adapter: 1.3.0 (/opt/ros/foxy/share/rosidl_adapter/cmake)
[1.535s] -- Using all available rosidl_typesupport_cpp: rosidl_typesupport_fastrtps_cpp;rosidl_typesupport_introspection_cpp
[1.625s] -- Found eigen3_cmake_module: 0.1.1 (/opt/ros/foxy/share/eigen3_cmake_module/cmake)
[1.637s] -- Found Eigen3: TRUE (found version "3.3.7") 
[1.641s] -- Found geometry_msgs: 2.0.5 (/opt/ros/foxy/share/geometry_msgs/cmake)
[1.877s] -- Found px4_msgs: 2.0.1 (/home/ubuntu/ros2_ws/install/px4_msgs/share/px4_msgs/cmake)
[1.942s] -- Found rclcpp: 2.4.2 (/opt/ros/foxy/share/rclcpp/cmake)
[2.134s] -- Found rmw_implementation_cmake: 1.0.4 (/opt/ros/foxy/share/rmw_implementation_cmake/cmake)
[2.143s] -- Using RMW implementation 'rmw_fastrtps_cpp' as default
[2.705s] -- Found sensor_msgs: 2.0.5 (/opt/ros/foxy/share/sensor_msgs/cmake)
[3.029s] -- Found ament_lint_auto: 0.9.8 (/opt/ros/foxy/share/ament_lint_auto/cmake)
[3.495s] -- Added test 'copyright' to check source files copyright and LICENSE
[3.542s] -- Added test 'cppcheck' to perform static code analysis on C / C++ code
[3.544s] -- Configured cppcheck include dirs: /home/ubuntu/ros2_ws/src/px4_ros_com/include;$<BUILD_INTERFACE:/home/ubuntu/ros2_ws/src/px4_ros_com/include/px4_ros_com>
[3.546s] -- Configured cppcheck exclude dirs and/or files: 
[3.590s] -- Added test 'cpplint' to check C / C++ code against the Google style
[3.592s] -- Configured cpplint exclude dirs and/or files: 
[3.601s] -- Added test 'flake8' to check Python code syntax and style conventions
[3.618s] -- Added test 'lint_cmake' to check CMake code style
[3.630s] -- Added test 'pep257' to check Python code against some of the style conventions in PEP 257
[3.677s] -- Added test 'uncrustify' to check C / C++ code style
[3.679s] -- Configured uncrustify additional arguments: 
[3.689s] -- Added test 'xmllint' to check XML markup files
[3.728s] -- Configuring done
[3.851s] -- Generating done
[3.862s] -- Build files have been written to: /home/ubuntu/ros2_ws/build/px4_ros_com
[3.986s] [35m[1mScanning dependencies of target offboard_control[0m
[3.988s] [35m[1mScanning dependencies of target vehicle_gps_position_listener[0m
[3.991s] [35m[1mScanning dependencies of target debug_vect_advertiser[0m
[4.034s] [35m[1mScanning dependencies of target frame_transforms[0m
[4.169s] [ 10%] [32mBuilding CXX object CMakeFiles/offboard_control.dir/src/examples/offboard/offboard_control.cpp.o[0m
[4.174s] [ 20%] [32mBuilding CXX object CMakeFiles/vehicle_gps_position_listener.dir/src/examples/listeners/vehicle_gps_position_listener.cpp.o[0m
[4.180s] [ 30%] [32mBuilding CXX object CMakeFiles/debug_vect_advertiser.dir/src/examples/advertisers/debug_vect_advertiser.cpp.o[0m
[4.192s] [ 40%] [32mBuilding CXX object CMakeFiles/frame_transforms.dir/src/lib/frame_transforms.cpp.o[0m
[9516.846s] [01m[Kc++:[m[K [01;31m[Kfatal error: [m[KKilled signal terminated program cc1plus
[9516.859s] compilation terminated.
[9516.860s] make[2]: *** [CMakeFiles/vehicle_gps_position_listener.dir/build.make:63: CMakeFiles/vehicle_gps_position_listener.dir/src/examples/listeners/vehicle_gps_position_listener.cpp.o] Error 1
[9516.862s] make[1]: *** [CMakeFiles/Makefile2:140: CMakeFiles/vehicle_gps_position_listener.dir/all] Error 2
[9516.863s] make[1]: *** Waiting for unfinished jobs....
[9533.082s] [ 50%] [32m[1mLinking CXX executable debug_vect_advertiser[0m
[9534.467s] [ 50%] Built target debug_vect_advertiser
[9540.915s] [ 60%] [32m[1mLinking CXX executable offboard_control[0m
[9541.823s] [ 60%] Built target offboard_control
[9549.327s] [ 70%] [32m[1mLinking CXX shared library libframe_transforms.so[0m
[9550.165s] [ 70%] Built target frame_transforms
[9550.423s] make: *** [Makefile:141: all] Error 2
[9550.475s] Invoked command in '/home/ubuntu/ros2_ws/build/px4_ros_com' returned '2': CMAKE_PREFIX_PATH=${CMAKE_PREFIX_PATH}:/opt/ros/foxy /usr/bin/cmake --build /home/ubuntu/ros2_ws/build/px4_ros_com -- -j4 -l4
