[0.044s] Invoking command in '/home/ubuntu/ros2_ws/build/px4_ros_com': CMAKE_PREFIX_PATH=${CMAKE_PREFIX_PATH}:/opt/ros/humble /usr/bin/cmake /home/ubuntu/ros2_ws/src/px4_ros_com -DCMAKE_BUILD_TYPE=RELWITHDEBINFO -DAMENT_CMAKE_SYMLINK_INSTALL=1 -DCMAKE_INSTALL_PREFIX=/home/ubuntu/ros2_ws/install/px4_ros_com
[0.711s] -- The C compiler identification is GNU 11.3.0
[0.972s] -- The CXX compiler identification is GNU 11.3.0
[1.003s] -- Detecting C compiler ABI info
[1.308s] -- Detecting C compiler ABI info - done
[1.335s] -- Check for working C compiler: /usr/bin/cc - skipped
[1.336s] -- Detecting C compile features
[1.337s] -- Detecting C compile features - done
[1.348s] -- Detecting CXX compiler ABI info
[1.688s] -- Detecting CXX compiler ABI info - done
[1.716s] -- Check for working CXX compiler: /usr/bin/c++ - skipped
[1.716s] -- Detecting CXX compile features
[1.718s] -- Detecting CXX compile features - done
[1.738s] -- Performing Test COMPILER_SUPPORTS_CXX17
[2.075s] -- Performing Test COMPILER_SUPPORTS_CXX17 - Success
[2.078s] -- Performing Test COMPILER_SUPPORTS_CXX14
[2.414s] -- Performing Test COMPILER_SUPPORTS_CXX14 - Success
[2.418s] -- Performing Test COMPILER_SUPPORTS_CXX11
[2.752s] -- Performing Test COMPILER_SUPPORTS_CXX11 - Success
[2.755s] -- Performing Test COMPILER_SUPPORTS_CXX0X
[3.089s] -- Performing Test COMPILER_SUPPORTS_CXX0X - Success
[3.090s] -- Using C++17 compiler
[3.118s] -- Found ament_cmake: 1.3.3 (/opt/ros/humble/share/ament_cmake/cmake)
[3.898s] -- Found Python3: /usr/bin/python3.10 (found version "3.10.6") found components: Interpreter 
[4.166s] -- Override CMake install command with custom implementation using symlinks instead of copying resources
[4.388s] -- Found builtin_interfaces: 1.2.1 (/opt/ros/humble/share/builtin_interfaces/cmake)
[4.596s] -- Found rosidl_generator_c: 3.1.4 (/opt/ros/humble/share/rosidl_generator_c/cmake)
[4.633s] -- Found rosidl_adapter: 3.1.4 (/opt/ros/humble/share/rosidl_adapter/cmake)
[4.682s] -- Found rosidl_generator_cpp: 3.1.4 (/opt/ros/humble/share/rosidl_generator_cpp/cmake)
[4.753s] -- Using all available rosidl_typesupport_c: rosidl_typesupport_fastrtps_c;rosidl_typesupport_introspection_c
[4.855s] -- Using all available rosidl_typesupport_cpp: rosidl_typesupport_fastrtps_cpp;rosidl_typesupport_introspection_cpp
[5.272s] -- Found OpenSSL: /usr/lib/aarch64-linux-gnu/libcrypto.so (found version "3.0.2")  
[5.293s] -- Found rclcpp: 16.0.3 (/opt/ros/humble/share/rclcpp/cmake)
[5.596s] -- Found rmw_implementation_cmake: 6.1.1 (/opt/ros/humble/share/rmw_implementation_cmake/cmake)
[5.615s] -- Found rmw_fastrtps_cpp: 6.2.2 (/opt/ros/humble/share/rmw_fastrtps_cpp/cmake)
[5.973s] -- Found FastRTPS: /opt/ros/humble/include  
[6.193s] -- Using RMW implementation 'rmw_fastrtps_cpp' as default
[6.256s] -- Looking for pthread.h
[6.579s] -- Looking for pthread.h - found
[6.580s] -- Performing Test CMAKE_HAVE_LIBC_PTHREAD
[6.902s] -- Performing Test CMAKE_HAVE_LIBC_PTHREAD - Success
[6.907s] -- Found Threads: TRUE  
[7.532s] -- Found px4_msgs: 2.0.1 (/home/ubuntu/ros2_ws/install/px4_msgs/share/px4_msgs/cmake)
[7.676s] -- Found sensor_msgs: 4.2.3 (/opt/ros/humble/share/sensor_msgs/cmake)
[8.301s] -- Found PythonInterp: /usr/bin/python3 (found suitable version "3.10.6", minimum required is "3") 
[8.363s] -- fastrtpsgen found in /usr/local/bin
[8.620s] openjdk version "11.0.18" 2023-01-17
[8.623s] OpenJDK Runtime Environment (build 11.0.18+10-post-Ubuntu-0ubuntu122.04)
[8.624s] OpenJDK 64-Bit Server VM (build 11.0.18+10-post-Ubuntu-0ubuntu122.04, mixed mode)
[8.764s] -- fastrtpsgen version 1.0.4
[8.765s] -- px4_msgs message dir under /home/ubuntu/ros2_ws/install/px4_msgs/share/px4_msgs/msg
[8.766s] -- IDL definitions under /home/ubuntu/ros2_ws/install/px4_msgs/share/px4_msgs/msg
[8.766s] -- Retrieving list of msgs to send...
[9.018s] -- List of msgs to send: DebugArray, DebugKeyValue, DebugValue, DebugVect, OffboardControlMode, OnboardComputerStatus, OpticalFlow, PositionSetpoint, PositionSetpointTriplet, TelemetryStatus, Timesync, TrajectoryBezier, VehicleCommand, VehicleLocalPositionSetpoint, VehicleTrajectoryBezier, VehicleTrajectoryWaypoint, TrajectorySetpoint, VehicleMocapOdometry, VehicleVisualOdometry
[9.019s] -- Retrieving list of msgs to receive...
[9.242s] -- List of msgs to receive: CollisionConstraints, SensorCombined, Timesync, TimesyncStatus, TrajectoryWaypoint, VehicleControlMode, VehicleOdometry, VehicleStatus
[9.730s] -- Configuring done
[10.914s] -- Generating done
[10.930s] -- Build files have been written to: /home/ubuntu/ros2_ws/build/px4_ros_com
[10.968s] Invoked command in '/home/ubuntu/ros2_ws/build/px4_ros_com' returned '0': CMAKE_PREFIX_PATH=${CMAKE_PREFIX_PATH}:/opt/ros/humble /usr/bin/cmake /home/ubuntu/ros2_ws/src/px4_ros_com -DCMAKE_BUILD_TYPE=RELWITHDEBINFO -DAMENT_CMAKE_SYMLINK_INSTALL=1 -DCMAKE_INSTALL_PREFIX=/home/ubuntu/ros2_ws/install/px4_ros_com
[10.977s] Invoking command in '/home/ubuntu/ros2_ws/build/px4_ros_com': CMAKE_PREFIX_PATH=${CMAKE_PREFIX_PATH}:/opt/ros/humble /usr/bin/cmake --build /home/ubuntu/ros2_ws/build/px4_ros_com -- -j4 -l4
[11.168s] [  1%] [34m[1mGenerating micro-RTPS agent code...[0m
[11.205s] [  2%] [32mBuilding CXX object CMakeFiles/sensor_combined_listener.dir/src/examples/listeners/sensor_combined_listener.cpp.o[0m
[11.215s] [  3%] [32mBuilding CXX object CMakeFiles/vehicle_gps_position_listener.dir/src/examples/listeners/vehicle_gps_position_listener.cpp.o[0m
[11.229s] [  4%] [32mBuilding CXX object CMakeFiles/frame_transforms.dir/src/lib/frame_transforms.cpp.o[0m
[11.416s] Failed to import genmsg: No module named 'genmsg'
[11.417s] 
[11.419s] You may need to install it using:
[11.420s]     pip3 install --user pyros-genmsg
[11.421s] 
[17.202s] [  4%] [34m[1mGenerating micro-RTPS agent code...[0m
[17.536s] Failed to import genmsg: No module named 'genmsg'
[17.538s] 
[17.540s] You may need to install it using:
[17.542s]     pip3 install --user pyros-genmsg
[17.544s] 
[17.594s] [  5%] [32mBuilding CXX object CMakeFiles/micrortps_agent.dir/src/micrortps_agent/microRTPS_agent.cpp.o[0m
[17.623s] [01m[Kcc1plus:[m[K [01;31m[Kfatal error: [m[K/home/ubuntu/ros2_ws/build/px4_ros_com/src/micrortps_agent/microRTPS_agent.cpp: No such file or directory
[17.625s] compilation terminated.
[17.627s] gmake[2]: *** [CMakeFiles/micrortps_agent.dir/build.make:510: CMakeFiles/micrortps_agent.dir/src/micrortps_agent/microRTPS_agent.cpp.o] Error 1
[17.629s] gmake[1]: *** [CMakeFiles/Makefile2:173: CMakeFiles/micrortps_agent.dir/all] Error 2
[17.631s] gmake[1]: *** Waiting for unfinished jobs....
[373.414s] gmake[2]: *** [CMakeFiles/vehicle_gps_position_listener.dir/build.make:76: CMakeFiles/vehicle_gps_position_listener.dir/src/examples/listeners/vehicle_gps_position_listener.cpp.o] Interrupt
[373.425s] gmake[2]: *** [CMakeFiles/sensor_combined_listener.dir/build.make:76: CMakeFiles/sensor_combined_listener.dir/src/examples/listeners/sensor_combined_listener.cpp.o] Interrupt
[373.426s] gmake[2]: *** [CMakeFiles/frame_transforms.dir/build.make:76: CMakeFiles/frame_transforms.dir/src/lib/frame_transforms.cpp.o] Interrupt
[373.427s] gmake[1]: *** [CMakeFiles/Makefile2:225: CMakeFiles/vehicle_gps_position_listener.dir/all] Interrupt
[373.427s] gmake[1]: *** [CMakeFiles/Makefile2:199: CMakeFiles/sensor_combined_listener.dir/all] Interrupt
[373.428s] gmake[1]: *** [CMakeFiles/Makefile2:147: CMakeFiles/frame_transforms.dir/all] Interrupt
[373.429s] gmake: *** [Makefile:146: all] Interrupt
[373.465s] Invoked command in '/home/ubuntu/ros2_ws/build/px4_ros_com' returned '-2': CMAKE_PREFIX_PATH=${CMAKE_PREFIX_PATH}:/opt/ros/humble /usr/bin/cmake --build /home/ubuntu/ros2_ws/build/px4_ros_com -- -j4 -l4
