[35m[1mScanning dependencies of target tracker_position[0m
[  3%] Built target beacon_positioning__cpp
[ 12%] Built target beacon_positioning__rosidl_generator_c
[ 21%] Built target beacon_positioning__rosidl_typesupport_introspection_cpp
[ 30%] Built target beacon_positioning__rosidl_typesupport_cpp
[ 39%] Built target beacon_positioning__rosidl_typesupport_fastrtps_cpp
[ 42%] [32mBuilding CXX object CMakeFiles/tracker_position.dir/src/tracker_position.cpp.o[0m
[ 51%] Built target beacon_positioning__rosidl_typesupport_introspection_c
[ 60%] Built target beacon_positioning__rosidl_typesupport_c
[ 69%] Built target beacon_positioning__rosidl_typesupport_fastrtps_c
[ 69%] Built target beacon_positioning
[ 72%] Built target beacon_positioning__py
[ 78%] Built target beacon_positioning__python
[ 84%] Built target beacon_positioning__rosidl_typesupport_c__pyext
[ 90%] Built target beacon_positioning__rosidl_typesupport_fastrtps_c__pyext
[ 96%] Built target beacon_positioning__rosidl_typesupport_introspection_c__pyext
[01m[K/home/ubuntu/ros2_ws/src/beacon_positioning/src/tracker_position.cpp:6:10:[m[K [01;31m[Kfatal error: [m[Kbeacon_positioning/msg/tracker_position.hpp: No such file or directory
    6 | #include [01;31m[K"beacon_positioning/msg/tracker_position.hpp"[m[K
      |          [01;31m[K^~~~~~~~~~~~~~~~~~~~~~~~~~~~~~~~~~~~~~~~~~~~~[m[K
compilation terminated.
make[2]: *** [CMakeFiles/tracker_position.dir/build.make:63: CMakeFiles/tracker_position.dir/src/tracker_position.cpp.o] Error 1
make[1]: *** [CMakeFiles/Makefile2:123: CMakeFiles/tracker_position.dir/all] Error 2
make: *** [Makefile:141: all] Error 2
