[0.000000] (-) TimerEvent: {}
[0.000865] (-) JobUnselected: {'identifier': 'drone_sensors'}
[0.001138] (-) JobUnselected: {'identifier': 'px4_msgs'}
[0.001770] (-) JobUnselected: {'identifier': 'px4_ros_com'}
[0.002271] (beacon_positioning) JobQueued: {'identifier': 'beacon_positioning', 'dependencies': OrderedDict()}
[0.003199] (beacon_positioning) JobStarted: {'identifier': 'beacon_positioning'}
[0.099331] (-) TimerEvent: {}
[0.110497] (beacon_positioning) JobProgress: {'identifier': 'beacon_positioning', 'progress': 'cmake'}
[0.113550] (beacon_positioning) JobProgress: {'identifier': 'beacon_positioning', 'progress': 'build'}
[0.116777] (beacon_positioning) Command: {'cmd': ['/usr/bin/cmake', '--build', '/home/ubuntu/ros2_ws/build/beacon_positioning', '--', '-j4', '-l4'], 'cwd': '/home/ubuntu/ros2_ws/build/beacon_positioning', 'env': OrderedDict([('LESSOPEN', '| /usr/bin/lesspipe %s'), ('USER', 'ubuntu'), ('SSH_CLIENT', '10.0.0.29 55860 22'), ('LC_TIME', 'nl_NL.UTF-8'), ('XDG_SESSION_TYPE', 'tty'), ('SHLVL', '1'), ('LD_LIBRARY_PATH', '/home/ubuntu/ros2_ws/install/px4_ros_com/lib:/home/ubuntu/ros2_ws/install/px4_msgs/lib:/opt/ros/foxy/opt/yaml_cpp_vendor/lib:/opt/ros/foxy/lib/aarch64-linux-gnu:/opt/ros/foxy/lib'), ('MOTD_SHOWN', 'pam'), ('HOME', '/home/ubuntu'), ('OLDPWD', '/home/ubuntu'), ('SSH_TTY', '/dev/pts/0'), ('ROS_PYTHON_VERSION', '3'), ('LC_MONETARY', 'nl_NL.UTF-8'), ('DBUS_SESSION_BUS_ADDRESS', 'unix:path=/run/user/1000/bus'), ('_colcon_cd_root', '/opt/ros/foxy/'), ('COLCON_PREFIX_PATH', '/home/ubuntu/ros2_ws/install'), ('ROS_DISTRO', 'foxy'), ('LOGNAME', 'ubuntu'), ('_', '/home/ubuntu/.local/bin/colcon'), ('ROS_VERSION', '2'), ('XDG_SESSION_CLASS', 'user'), ('TERM', 'xterm-256color'), ('XDG_SESSION_ID', '1'), ('ROS_LOCALHOST_ONLY', '0'), ('PATH', '/home/ubuntu/.local/bin:/home/ubuntu/ros2_ws/install/px4_ros_com/bin:/opt/ros/foxy/bin:/usr/local/sbin:/usr/local/bin:/usr/sbin:/usr/bin:/sbin:/bin:/usr/games:/usr/local/games:/snap/bin'), ('LC_ADDRESS', 'nl_NL.UTF-8'), ('XDG_RUNTIME_DIR', '/run/user/1000'), ('LANG', 'en_US.UTF-8'), ('LC_TELEPHONE', 'nl_NL.UTF-8'), ('RMW_IMPLEMENTATION', 'rmw_fastrtps_cpp'), ('LS_COLORS', 'rs=0:di=01;34:ln=01;36:mh=00:pi=40;33:so=01;35:do=01;35:bd=40;33;01:cd=40;33;01:or=40;31;01:mi=00:su=37;41:sg=30;43:ca=30;41:tw=30;42:ow=34;42:st=37;44:ex=01;32:*.tar=01;31:*.tgz=01;31:*.arc=01;31:*.arj=01;31:*.taz=01;31:*.lha=01;31:*.lz4=01;31:*.lzh=01;31:*.lzma=01;31:*.tlz=01;31:*.txz=01;31:*.tzo=01;31:*.t7z=01;31:*.zip=01;31:*.z=01;31:*.dz=01;31:*.gz=01;31:*.lrz=01;31:*.lz=01;31:*.lzo=01;31:*.xz=01;31:*.zst=01;31:*.tzst=01;31:*.bz2=01;31:*.bz=01;31:*.tbz=01;31:*.tbz2=01;31:*.tz=01;31:*.deb=01;31:*.rpm=01;31:*.jar=01;31:*.war=01;31:*.ear=01;31:*.sar=01;31:*.rar=01;31:*.alz=01;31:*.ace=01;31:*.zoo=01;31:*.cpio=01;31:*.7z=01;31:*.rz=01;31:*.cab=01;31:*.wim=01;31:*.swm=01;31:*.dwm=01;31:*.esd=01;31:*.jpg=01;35:*.jpeg=01;35:*.mjpg=01;35:*.mjpeg=01;35:*.gif=01;35:*.bmp=01;35:*.pbm=01;35:*.pgm=01;35:*.ppm=01;35:*.tga=01;35:*.xbm=01;35:*.xpm=01;35:*.tif=01;35:*.tiff=01;35:*.png=01;35:*.svg=01;35:*.svgz=01;35:*.mng=01;35:*.pcx=01;35:*.mov=01;35:*.mpg=01;35:*.mpeg=01;35:*.m2v=01;35:*.mkv=01;35:*.webm=01;35:*.ogm=01;35:*.mp4=01;35:*.m4v=01;35:*.mp4v=01;35:*.vob=01;35:*.qt=01;35:*.nuv=01;35:*.wmv=01;35:*.asf=01;35:*.rm=01;35:*.rmvb=01;35:*.flc=01;35:*.avi=01;35:*.fli=01;35:*.flv=01;35:*.gl=01;35:*.dl=01;35:*.xcf=01;35:*.xwd=01;35:*.yuv=01;35:*.cgm=01;35:*.emf=01;35:*.ogv=01;35:*.ogx=01;35:*.aac=00;36:*.au=00;36:*.flac=00;36:*.m4a=00;36:*.mid=00;36:*.midi=00;36:*.mka=00;36:*.mp3=00;36:*.mpc=00;36:*.ogg=00;36:*.ra=00;36:*.wav=00;36:*.oga=00;36:*.opus=00;36:*.spx=00;36:*.xspf=00;36:'), ('ROS_DOMAIN_ID', ''), ('AMENT_PREFIX_PATH', '/home/ubuntu/ros2_ws/install/px4_ros_com:/home/ubuntu/ros2_ws/install/px4_msgs:/home/ubuntu/ros2_ws/install/drone_sensors:/home/ubuntu/ros2_ws/install/beacon_positioning:/opt/ros/foxy'), ('SHELL', '/bin/bash'), ('LC_NAME', 'nl_NL.UTF-8'), ('LESSCLOSE', '/usr/bin/lesspipe %s %s'), ('LC_MEASUREMENT', 'nl_NL.UTF-8'), ('LC_IDENTIFICATION', 'nl_NL.UTF-8'), ('PWD', '/home/ubuntu/ros2_ws/build/beacon_positioning'), ('LC_ALL', 'en_US.UTF-8'), ('SSH_CONNECTION', '10.0.0.29 55860 10.0.0.59 22'), ('XDG_DATA_DIRS', '/usr/local/share:/usr/share:/var/lib/snapd/desktop'), ('PYTHONPATH', '/home/ubuntu/ros2_ws/install/px4_msgs/lib/python3.8/site-packages:/opt/ros/foxy/lib/python3.8/site-packages'), ('LC_NUMERIC', 'nl_NL.UTF-8'), ('LC_PAPER', 'nl_NL.UTF-8'), ('COLCON', '1'), ('CMAKE_PREFIX_PATH', '/home/ubuntu/ros2_ws/install/px4_ros_com:/home/ubuntu/ros2_ws/install/px4_msgs:/home/ubuntu/ros2_ws/install/drone_sensors:/home/ubuntu/ros2_ws/install/beacon_positioning:/opt/ros/foxy')]), 'shell': False}
[0.199533] (-) TimerEvent: {}
[0.300486] (-) TimerEvent: {}
[0.372321] (beacon_positioning) StdoutLine: {'line': b'[100%] Built target tracker_position\n'}
[0.400667] (-) TimerEvent: {}
[0.409227] (beacon_positioning) CommandEnded: {'returncode': 0}
[0.446044] (beacon_positioning) StderrLine: {'line': b'Traceback (most recent call last):\n  File "/home/ubuntu/.local/lib/python3.8/site-packages/colcon_parallel_executor/executor/parallel.py", line 67, in execute\n    loop.run_until_complete(future)\n  File "/usr/lib/python3.8/asyncio/base_events.py", line 603, in run_until_complete\n    self.run_forever()\n  File "/usr/lib/python3.8/asyncio/base_events.py", line 570, in run_forever\n    self._run_once()\n  File "/usr/lib/python3.8/asyncio/base_events.py", line 1823, in _run_once\n    event_list = self._selector.select(timeout)\n  File "/usr/lib/python3.8/selectors.py", line 468, in select\n    fd_event_list = self._selector.poll(timeout, max_ev)\nKeyboardInterrupt\n\nDuring handling of the above exception, another exception occurred:\n\nTraceback (most recent call last):\n  File "/home/ubuntu/.local/lib/python3.8/site-packages/colcon_core/executor/__init__.py", line 91, in __call__\n    rc = await self.task(*args, **kwargs)\n  File "/home/ubuntu/.local/lib/python3.8/site-packages/colcon_core/task/__init__.py", line 93, in __call__\n    return await task_method(*args, **kwargs)\n  File "/home/ubuntu/.local/lib/python3.8/site-packages/colcon_ros/task/ament_cmake/build.py", line 59, in build\n    rc = await extension.build(\n  File "/home/ubuntu/.local/lib/python3.8/site-packages/colcon_cmake/task/cmake/build.py", line 110, in build\n    if await has_target(args.build_base, \'install\'):\n  File "/home/ubuntu/.local/lib/python3.8/site-packages/colcon_cmake/task/cmake/__init__.py", line 57, in has_target\n    return target in await get_makefile_targets(path)\n  File "/home/ubuntu/.local/lib/python3.8/site-packages/colcon_cmake/task/cmake/__init__.py", line 77, in get_makefile_targets\n    output = await check_output([\n  File "/home/ubuntu/.local/lib/python3.8/site-packages/colcon_core/subprocess.py", line 128, in check_output\n    assert not rc, f\'Expected {args} to pass: {stderr_data}\'\nAssertionError: Expected [\'/usr/bin/cmake\', \'--build\', \'/home/ubuntu/ros2_ws/build/beacon_positioning\', \'--target\', \'help\'] to pass: \n'}
[0.447293] (beacon_positioning) JobEnded: {'identifier': 'beacon_positioning', 'rc': 'SIGINT'}
[0.457753] (-) EventReactorShutdown: {}
