[0.000000] (-) TimerEvent: {}
[0.000847] (beacon_positioning) JobQueued: {'identifier': 'beacon_positioning', 'dependencies': OrderedDict()}
[0.001122] (px4_msgs) JobQueued: {'identifier': 'px4_msgs', 'dependencies': OrderedDict()}
[0.001846] (px4_ros_com) JobQueued: {'identifier': 'px4_ros_com', 'dependencies': OrderedDict([('px4_msgs', '/home/ubuntu/ros2_ws/install/px4_msgs')])}
[0.002343] (px4_msgs) JobStarted: {'identifier': 'px4_msgs'}
[0.099358] (-) TimerEvent: {}
[0.101928] (beacon_positioning) JobStarted: {'identifier': 'beacon_positioning'}
[0.200572] (-) TimerEvent: {}
[0.202557] (px4_msgs) JobProgress: {'identifier': 'px4_msgs', 'progress': 'cmake'}
[0.203635] (px4_msgs) Command: {'cmd': ['/usr/bin/cmake', '/home/ubuntu/ros2_ws/src/px4_msgs', '-DCMAKE_INSTALL_PREFIX=/home/ubuntu/ros2_ws/install/px4_msgs'], 'cwd': '/home/ubuntu/ros2_ws/build/px4_msgs', 'env': OrderedDict([('LESSOPEN', '| /usr/bin/lesspipe %s'), ('USER', 'ubuntu'), ('SSH_CLIENT', '10.10.10.31 43340 22'), ('LC_TIME', 'nl_NL.UTF-8'), ('XDG_SESSION_TYPE', 'tty'), ('SHLVL', '1'), ('LD_LIBRARY_PATH', '/home/ubuntu/ros2_ws/install/px4_ros_com/lib:/home/ubuntu/ros2_ws/install/px4_msgs/lib:/opt/ros/foxy/opt/yaml_cpp_vendor/lib:/opt/ros/foxy/lib/aarch64-linux-gnu:/opt/ros/foxy/lib'), ('MOTD_SHOWN', 'pam'), ('HOME', '/home/ubuntu'), ('OLDPWD', '/home/ubuntu/ros2_ws/src'), ('SSH_TTY', '/dev/pts/0'), ('ROS_PYTHON_VERSION', '3'), ('LC_MONETARY', 'nl_NL.UTF-8'), ('DBUS_SESSION_BUS_ADDRESS', 'unix:path=/run/user/1000/bus'), ('_colcon_cd_root', '/opt/ros/foxy/'), ('COLCON_PREFIX_PATH', '/home/ubuntu/ros2_ws/install'), ('ROS_DISTRO', 'foxy'), ('LOGNAME', 'ubuntu'), ('_', '/home/ubuntu/.local/bin/colcon'), ('ROS_VERSION', '2'), ('XDG_SESSION_CLASS', 'user'), ('TERM', 'xterm-256color'), ('XDG_SESSION_ID', '1'), ('ROS_LOCALHOST_ONLY', '0'), ('PATH', '/home/ubuntu/.local/bin:/home/ubuntu/ros2_ws/install/px4_ros_com/bin:/opt/ros/foxy/bin:/usr/local/sbin:/usr/local/bin:/usr/sbin:/usr/bin:/sbin:/bin:/usr/games:/usr/local/games:/snap/bin'), ('LC_ADDRESS', 'nl_NL.UTF-8'), ('XDG_RUNTIME_DIR', '/run/user/1000'), ('LANG', 'en_US.UTF-8'), ('LC_TELEPHONE', 'nl_NL.UTF-8'), ('RMW_IMPLEMENTATION', 'rmw_fastrtps_cpp'), ('LS_COLORS', 'rs=0:di=01;34:ln=01;36:mh=00:pi=40;33:so=01;35:do=01;35:bd=40;33;01:cd=40;33;01:or=40;31;01:mi=00:su=37;41:sg=30;43:ca=30;41:tw=30;42:ow=34;42:st=37;44:ex=01;32:*.tar=01;31:*.tgz=01;31:*.arc=01;31:*.arj=01;31:*.taz=01;31:*.lha=01;31:*.lz4=01;31:*.lzh=01;31:*.lzma=01;31:*.tlz=01;31:*.txz=01;31:*.tzo=01;31:*.t7z=01;31:*.zip=01;31:*.z=01;31:*.dz=01;31:*.gz=01;31:*.lrz=01;31:*.lz=01;31:*.lzo=01;31:*.xz=01;31:*.zst=01;31:*.tzst=01;31:*.bz2=01;31:*.bz=01;31:*.tbz=01;31:*.tbz2=01;31:*.tz=01;31:*.deb=01;31:*.rpm=01;31:*.jar=01;31:*.war=01;31:*.ear=01;31:*.sar=01;31:*.rar=01;31:*.alz=01;31:*.ace=01;31:*.zoo=01;31:*.cpio=01;31:*.7z=01;31:*.rz=01;31:*.cab=01;31:*.wim=01;31:*.swm=01;31:*.dwm=01;31:*.esd=01;31:*.jpg=01;35:*.jpeg=01;35:*.mjpg=01;35:*.mjpeg=01;35:*.gif=01;35:*.bmp=01;35:*.pbm=01;35:*.pgm=01;35:*.ppm=01;35:*.tga=01;35:*.xbm=01;35:*.xpm=01;35:*.tif=01;35:*.tiff=01;35:*.png=01;35:*.svg=01;35:*.svgz=01;35:*.mng=01;35:*.pcx=01;35:*.mov=01;35:*.mpg=01;35:*.mpeg=01;35:*.m2v=01;35:*.mkv=01;35:*.webm=01;35:*.ogm=01;35:*.mp4=01;35:*.m4v=01;35:*.mp4v=01;35:*.vob=01;35:*.qt=01;35:*.nuv=01;35:*.wmv=01;35:*.asf=01;35:*.rm=01;35:*.rmvb=01;35:*.flc=01;35:*.avi=01;35:*.fli=01;35:*.flv=01;35:*.gl=01;35:*.dl=01;35:*.xcf=01;35:*.xwd=01;35:*.yuv=01;35:*.cgm=01;35:*.emf=01;35:*.ogv=01;35:*.ogx=01;35:*.aac=00;36:*.au=00;36:*.flac=00;36:*.m4a=00;36:*.mid=00;36:*.midi=00;36:*.mka=00;36:*.mp3=00;36:*.mpc=00;36:*.ogg=00;36:*.ra=00;36:*.wav=00;36:*.oga=00;36:*.opus=00;36:*.spx=00;36:*.xspf=00;36:'), ('AMENT_PREFIX_PATH', '/home/ubuntu/ros2_ws/install/px4_ros_com:/home/ubuntu/ros2_ws/install/px4_msgs:/home/ubuntu/ros2_ws/install/drone_sensors:/home/ubuntu/ros2_ws/install/beacon_positioning:/opt/ros/foxy'), ('SHELL', '/bin/bash'), ('LC_NAME', 'nl_NL.UTF-8'), ('LESSCLOSE', '/usr/bin/lesspipe %s %s'), ('LC_MEASUREMENT', 'nl_NL.UTF-8'), ('LC_IDENTIFICATION', 'nl_NL.UTF-8'), ('PWD', '/home/ubuntu/ros2_ws/build/px4_msgs'), ('LC_ALL', 'en_US.UTF-8'), ('SSH_CONNECTION', '10.10.10.31 43340 10.10.10.33 22'), ('XDG_DATA_DIRS', '/usr/local/share:/usr/share:/var/lib/snapd/desktop'), ('PYTHONPATH', '/home/ubuntu/ros2_ws/install/px4_msgs/lib/python3.8/site-packages:/opt/ros/foxy/lib/python3.8/site-packages'), ('LC_NUMERIC', 'nl_NL.UTF-8'), ('LC_PAPER', 'nl_NL.UTF-8'), ('COLCON', '1'), ('CMAKE_PREFIX_PATH', '/home/ubuntu/ros2_ws/install/px4_ros_com:/home/ubuntu/ros2_ws/install/px4_msgs:/home/ubuntu/ros2_ws/install/drone_sensors:/home/ubuntu/ros2_ws/install/beacon_positioning:/opt/ros/foxy')]), 'shell': False}
[0.229376] (beacon_positioning) JobProgress: {'identifier': 'beacon_positioning', 'progress': 'cmake'}
[0.230587] (beacon_positioning) Command: {'cmd': ['/usr/bin/cmake', '/home/ubuntu/ros2_ws/src/beacon_positioning', '-DCMAKE_INSTALL_PREFIX=/home/ubuntu/ros2_ws/install/beacon_positioning'], 'cwd': '/home/ubuntu/ros2_ws/build/beacon_positioning', 'env': OrderedDict([('LESSOPEN', '| /usr/bin/lesspipe %s'), ('USER', 'ubuntu'), ('SSH_CLIENT', '10.10.10.31 43340 22'), ('LC_TIME', 'nl_NL.UTF-8'), ('XDG_SESSION_TYPE', 'tty'), ('SHLVL', '1'), ('LD_LIBRARY_PATH', '/home/ubuntu/ros2_ws/install/px4_ros_com/lib:/home/ubuntu/ros2_ws/install/px4_msgs/lib:/opt/ros/foxy/opt/yaml_cpp_vendor/lib:/opt/ros/foxy/lib/aarch64-linux-gnu:/opt/ros/foxy/lib'), ('MOTD_SHOWN', 'pam'), ('HOME', '/home/ubuntu'), ('OLDPWD', '/home/ubuntu/ros2_ws/src'), ('SSH_TTY', '/dev/pts/0'), ('ROS_PYTHON_VERSION', '3'), ('LC_MONETARY', 'nl_NL.UTF-8'), ('DBUS_SESSION_BUS_ADDRESS', 'unix:path=/run/user/1000/bus'), ('_colcon_cd_root', '/opt/ros/foxy/'), ('COLCON_PREFIX_PATH', '/home/ubuntu/ros2_ws/install'), ('ROS_DISTRO', 'foxy'), ('LOGNAME', 'ubuntu'), ('_', '/home/ubuntu/.local/bin/colcon'), ('ROS_VERSION', '2'), ('XDG_SESSION_CLASS', 'user'), ('TERM', 'xterm-256color'), ('XDG_SESSION_ID', '1'), ('ROS_LOCALHOST_ONLY', '0'), ('PATH', '/home/ubuntu/.local/bin:/home/ubuntu/ros2_ws/install/px4_ros_com/bin:/opt/ros/foxy/bin:/usr/local/sbin:/usr/local/bin:/usr/sbin:/usr/bin:/sbin:/bin:/usr/games:/usr/local/games:/snap/bin'), ('LC_ADDRESS', 'nl_NL.UTF-8'), ('XDG_RUNTIME_DIR', '/run/user/1000'), ('LANG', 'en_US.UTF-8'), ('LC_TELEPHONE', 'nl_NL.UTF-8'), ('RMW_IMPLEMENTATION', 'rmw_fastrtps_cpp'), ('LS_COLORS', 'rs=0:di=01;34:ln=01;36:mh=00:pi=40;33:so=01;35:do=01;35:bd=40;33;01:cd=40;33;01:or=40;31;01:mi=00:su=37;41:sg=30;43:ca=30;41:tw=30;42:ow=34;42:st=37;44:ex=01;32:*.tar=01;31:*.tgz=01;31:*.arc=01;31:*.arj=01;31:*.taz=01;31:*.lha=01;31:*.lz4=01;31:*.lzh=01;31:*.lzma=01;31:*.tlz=01;31:*.txz=01;31:*.tzo=01;31:*.t7z=01;31:*.zip=01;31:*.z=01;31:*.dz=01;31:*.gz=01;31:*.lrz=01;31:*.lz=01;31:*.lzo=01;31:*.xz=01;31:*.zst=01;31:*.tzst=01;31:*.bz2=01;31:*.bz=01;31:*.tbz=01;31:*.tbz2=01;31:*.tz=01;31:*.deb=01;31:*.rpm=01;31:*.jar=01;31:*.war=01;31:*.ear=01;31:*.sar=01;31:*.rar=01;31:*.alz=01;31:*.ace=01;31:*.zoo=01;31:*.cpio=01;31:*.7z=01;31:*.rz=01;31:*.cab=01;31:*.wim=01;31:*.swm=01;31:*.dwm=01;31:*.esd=01;31:*.jpg=01;35:*.jpeg=01;35:*.mjpg=01;35:*.mjpeg=01;35:*.gif=01;35:*.bmp=01;35:*.pbm=01;35:*.pgm=01;35:*.ppm=01;35:*.tga=01;35:*.xbm=01;35:*.xpm=01;35:*.tif=01;35:*.tiff=01;35:*.png=01;35:*.svg=01;35:*.svgz=01;35:*.mng=01;35:*.pcx=01;35:*.mov=01;35:*.mpg=01;35:*.mpeg=01;35:*.m2v=01;35:*.mkv=01;35:*.webm=01;35:*.ogm=01;35:*.mp4=01;35:*.m4v=01;35:*.mp4v=01;35:*.vob=01;35:*.qt=01;35:*.nuv=01;35:*.wmv=01;35:*.asf=01;35:*.rm=01;35:*.rmvb=01;35:*.flc=01;35:*.avi=01;35:*.fli=01;35:*.flv=01;35:*.gl=01;35:*.dl=01;35:*.xcf=01;35:*.xwd=01;35:*.yuv=01;35:*.cgm=01;35:*.emf=01;35:*.ogv=01;35:*.ogx=01;35:*.aac=00;36:*.au=00;36:*.flac=00;36:*.m4a=00;36:*.mid=00;36:*.midi=00;36:*.mka=00;36:*.mp3=00;36:*.mpc=00;36:*.ogg=00;36:*.ra=00;36:*.wav=00;36:*.oga=00;36:*.opus=00;36:*.spx=00;36:*.xspf=00;36:'), ('AMENT_PREFIX_PATH', '/home/ubuntu/ros2_ws/install/px4_ros_com:/home/ubuntu/ros2_ws/install/px4_msgs:/home/ubuntu/ros2_ws/install/drone_sensors:/home/ubuntu/ros2_ws/install/beacon_positioning:/opt/ros/foxy'), ('SHELL', '/bin/bash'), ('LC_NAME', 'nl_NL.UTF-8'), ('LESSCLOSE', '/usr/bin/lesspipe %s %s'), ('LC_MEASUREMENT', 'nl_NL.UTF-8'), ('LC_IDENTIFICATION', 'nl_NL.UTF-8'), ('PWD', '/home/ubuntu/ros2_ws/build/beacon_positioning'), ('LC_ALL', 'en_US.UTF-8'), ('SSH_CONNECTION', '10.10.10.31 43340 10.10.10.33 22'), ('XDG_DATA_DIRS', '/usr/local/share:/usr/share:/var/lib/snapd/desktop'), ('PYTHONPATH', '/home/ubuntu/ros2_ws/install/px4_msgs/lib/python3.8/site-packages:/opt/ros/foxy/lib/python3.8/site-packages'), ('LC_NUMERIC', 'nl_NL.UTF-8'), ('LC_PAPER', 'nl_NL.UTF-8'), ('COLCON', '1'), ('CMAKE_PREFIX_PATH', '/home/ubuntu/ros2_ws/install/px4_ros_com:/home/ubuntu/ros2_ws/install/px4_msgs:/home/ubuntu/ros2_ws/install/drone_sensors:/home/ubuntu/ros2_ws/install/beacon_positioning:/opt/ros/foxy')]), 'shell': False}
[0.300822] (-) TimerEvent: {}
[0.401825] (-) TimerEvent: {}
[0.460162] (px4_msgs) StdoutLine: {'line': b'-- The C compiler identification is GNU 9.4.0\n'}
[0.477517] (beacon_positioning) StdoutLine: {'line': b'-- The C compiler identification is GNU 9.4.0\n'}
[0.502023] (-) TimerEvent: {}
[0.602842] (-) TimerEvent: {}
[0.696142] (px4_msgs) StdoutLine: {'line': b'-- The CXX compiler identification is GNU 9.4.0\n'}
[0.702998] (-) TimerEvent: {}
[0.710851] (beacon_positioning) StdoutLine: {'line': b'-- The CXX compiler identification is GNU 9.4.0\n'}
[0.713737] (px4_msgs) StdoutLine: {'line': b'-- Check for working C compiler: /usr/bin/cc\n'}
[0.726567] (beacon_positioning) StdoutLine: {'line': b'-- Check for working C compiler: /usr/bin/cc\n'}
[0.803367] (-) TimerEvent: {}
[0.904604] (-) TimerEvent: {}
[1.005673] (-) TimerEvent: {}
[1.012735] (px4_msgs) StdoutLine: {'line': b'-- Check for working C compiler: /usr/bin/cc -- works\n'}
[1.016521] (px4_msgs) StdoutLine: {'line': b'-- Detecting C compiler ABI info\n'}
[1.032241] (beacon_positioning) StdoutLine: {'line': b'-- Check for working C compiler: /usr/bin/cc -- works\n'}
[1.035036] (beacon_positioning) StdoutLine: {'line': b'-- Detecting C compiler ABI info\n'}
[1.105902] (-) TimerEvent: {}
[1.206917] (-) TimerEvent: {}
[1.308284] (px4_msgs) StdoutLine: {'line': b'-- Detecting C compiler ABI info - done\n'}
[1.309046] (-) TimerEvent: {}
[1.323589] (beacon_positioning) StdoutLine: {'line': b'-- Detecting C compiler ABI info - done\n'}
[1.344642] (px4_msgs) StdoutLine: {'line': b'-- Detecting C compile features\n'}
[1.345746] (px4_msgs) StdoutLine: {'line': b'-- Detecting C compile features - done\n'}
[1.354375] (px4_msgs) StdoutLine: {'line': b'-- Check for working CXX compiler: /usr/bin/c++\n'}
[1.358199] (beacon_positioning) StdoutLine: {'line': b'-- Detecting C compile features\n'}
[1.359326] (beacon_positioning) StdoutLine: {'line': b'-- Detecting C compile features - done\n'}
[1.367619] (beacon_positioning) StdoutLine: {'line': b'-- Check for working CXX compiler: /usr/bin/c++\n'}
[1.409266] (-) TimerEvent: {}
[1.510475] (-) TimerEvent: {}
[1.611389] (-) TimerEvent: {}
[1.680993] (px4_msgs) StdoutLine: {'line': b'-- Check for working CXX compiler: /usr/bin/c++ -- works\n'}
[1.685060] (px4_msgs) StdoutLine: {'line': b'-- Detecting CXX compiler ABI info\n'}
[1.693830] (beacon_positioning) StdoutLine: {'line': b'-- Check for working CXX compiler: /usr/bin/c++ -- works\n'}
[1.697153] (beacon_positioning) StdoutLine: {'line': b'-- Detecting CXX compiler ABI info\n'}
[1.711559] (-) TimerEvent: {}
[1.812669] (-) TimerEvent: {}
[1.914163] (-) TimerEvent: {}
[2.013761] (px4_msgs) StdoutLine: {'line': b'-- Detecting CXX compiler ABI info - done\n'}
[2.014403] (-) TimerEvent: {}
[2.023770] (beacon_positioning) StdoutLine: {'line': b'-- Detecting CXX compiler ABI info - done\n'}
[2.052865] (px4_msgs) StdoutLine: {'line': b'-- Detecting CXX compile features\n'}
[2.054520] (px4_msgs) StdoutLine: {'line': b'-- Detecting CXX compile features - done\n'}
[2.060807] (beacon_positioning) StdoutLine: {'line': b'-- Detecting CXX compile features\n'}
[2.062477] (beacon_positioning) StdoutLine: {'line': b'-- Detecting CXX compile features - done\n'}
[2.070554] (px4_msgs) StdoutLine: {'line': b'-- Found ament_cmake: 0.9.11 (/opt/ros/foxy/share/ament_cmake/cmake)\n'}
[2.078132] (beacon_positioning) StdoutLine: {'line': b'-- Found ament_cmake: 0.9.11 (/opt/ros/foxy/share/ament_cmake/cmake)\n'}
[2.114618] (-) TimerEvent: {}
[2.190891] (px4_msgs) StdoutLine: {'line': b'-- Found PythonInterp: /usr/bin/python3 (found suitable version "3.8.10", minimum required is "3") \n'}
[2.192365] (px4_msgs) StdoutLine: {'line': b'-- Using PYTHON_EXECUTABLE: /usr/bin/python3\n'}
[2.202546] (beacon_positioning) StdoutLine: {'line': b'-- Found PythonInterp: /usr/bin/python3 (found suitable version "3.8.10", minimum required is "3") \n'}
[2.203323] (beacon_positioning) StdoutLine: {'line': b'-- Using PYTHON_EXECUTABLE: /usr/bin/python3\n'}
[2.214827] (-) TimerEvent: {}
[2.315709] (-) TimerEvent: {}
[2.416519] (-) TimerEvent: {}
[2.517245] (-) TimerEvent: {}
[2.617952] (-) TimerEvent: {}
[2.718614] (-) TimerEvent: {}
[2.819279] (-) TimerEvent: {}
[2.920135] (-) TimerEvent: {}
[3.021586] (-) TimerEvent: {}
[3.087213] (beacon_positioning) CommandEnded: {'returncode': -2}
[3.091937] (beacon_positioning) StderrLine: {'line': b'Traceback (most recent call last):\n  File "/home/ubuntu/.local/lib/python3.8/site-packages/colcon_parallel_executor/executor/parallel.py", line 67, in execute\n    loop.run_until_complete(future)\n  File "/usr/lib/python3.8/asyncio/base_events.py", line 603, in run_until_complete\n    self.run_forever()\n  File "/usr/lib/python3.8/asyncio/base_events.py", line 570, in run_forever\n    self._run_once()\n  File "/usr/lib/python3.8/asyncio/base_events.py", line 1823, in _run_once\n    event_list = self._selector.select(timeout)\n  File "/usr/lib/python3.8/selectors.py", line 468, in select\n    fd_event_list = self._selector.poll(timeout, max_ev)\nKeyboardInterrupt\n\nDuring handling of the above exception, another exception occurred:\n\nTraceback (most recent call last):\n  File "/home/ubuntu/.local/lib/python3.8/site-packages/colcon_core/executor/__init__.py", line 91, in __call__\n    rc = await self.task(*args, **kwargs)\n  File "/home/ubuntu/.local/lib/python3.8/site-packages/colcon_core/task/__init__.py", line 93, in __call__\n    return await task_method(*args, **kwargs)\n  File "/home/ubuntu/.local/lib/python3.8/site-packages/colcon_ros/task/ament_cmake/build.py", line 59, in build\n    rc = await extension.build(\n  File "/home/ubuntu/.local/lib/python3.8/site-packages/colcon_cmake/task/cmake/build.py", line 87, in build\n    rc = await self._reconfigure(args, env)\n  File "/home/ubuntu/.local/lib/python3.8/site-packages/colcon_cmake/task/cmake/build.py", line 182, in _reconfigure\n    buildfile = get_buildfile(cmake_cache)\n  File "/home/ubuntu/.local/lib/python3.8/site-packages/colcon_cmake/task/cmake/__init__.py", line 112, in get_buildfile\n    if \'Ninja\' in generator:\nTypeError: argument of type \'NoneType\' is not iterable\n'}
[3.092931] (beacon_positioning) JobEnded: {'identifier': 'beacon_positioning', 'rc': 'SIGINT'}
[3.094973] (px4_msgs) CommandEnded: {'returncode': -2}
[3.096040] (px4_msgs) StderrLine: {'line': b'Traceback (most recent call last):\n  File "/home/ubuntu/.local/lib/python3.8/site-packages/colcon_parallel_executor/executor/parallel.py", line 67, in execute\n    loop.run_until_complete(future)\n  File "/usr/lib/python3.8/asyncio/base_events.py", line 603, in run_until_complete\n    self.run_forever()\n  File "/usr/lib/python3.8/asyncio/base_events.py", line 570, in run_forever\n    self._run_once()\n  File "/usr/lib/python3.8/asyncio/base_events.py", line 1823, in _run_once\n    event_list = self._selector.select(timeout)\n  File "/usr/lib/python3.8/selectors.py", line 468, in select\n    fd_event_list = self._selector.poll(timeout, max_ev)\nKeyboardInterrupt\n\nDuring handling of the above exception, another exception occurred:\n\nTraceback (most recent call last):\n  File "/home/ubuntu/.local/lib/python3.8/site-packages/colcon_core/executor/__init__.py", line 91, in __call__\n    rc = await self.task(*args, **kwargs)\n  File "/home/ubuntu/.local/lib/python3.8/site-packages/colcon_core/task/__init__.py", line 93, in __call__\n    return await task_method(*args, **kwargs)\n  File "/home/ubuntu/.local/lib/python3.8/site-packages/colcon_ros/task/ament_cmake/build.py", line 59, in build\n    rc = await extension.build(\n  File "/home/ubuntu/.local/lib/python3.8/site-packages/colcon_cmake/task/cmake/build.py", line 87, in build\n    rc = await self._reconfigure(args, env)\n  File "/home/ubuntu/.local/lib/python3.8/site-packages/colcon_cmake/task/cmake/build.py", line 182, in _reconfigure\n    buildfile = get_buildfile(cmake_cache)\n  File "/home/ubuntu/.local/lib/python3.8/site-packages/colcon_cmake/task/cmake/__init__.py", line 112, in get_buildfile\n    if \'Ninja\' in generator:\nTypeError: argument of type \'NoneType\' is not iterable\n'}
[3.096475] (px4_msgs) JobEnded: {'identifier': 'px4_msgs', 'rc': 'SIGINT'}
[3.105869] (px4_ros_com) JobSkipped: {'identifier': 'px4_ros_com'}
[3.106090] (-) EventReactorShutdown: {}
